Arguments: 
  C:\Program Files\nodejs\node.exe C:\Users\hjuno\AppData\Roaming\npm\node_modules\yarn\bin\yarn.js init y

PATH: 
  C:\Users\hjuno\AppData\Local\Android\Sdk;C:\Python27\Scripts;C:\WINDOWS\system32;C:\WINDOWS;C:\WINDOWS\System32\Wbem;C:\WINDOWS\System32\WindowsPowerShell\v1.0\;C:\ProgramData\chocolatey\bin;C:\WINDOWS\System32\OpenSSH\;C:\Program Files\nodejs\;C:\Users\hjuno\AppData\Local\Android\Sdk\platform-tools;C:\Users\hjuno\AppData\Local\Android\Sdk\tools;C:\Program Files\Java\jdk-12.0.2;JAVA_HOME=C:\Program Files\Java\jdk-12.0.2;C:\Users\hjuno\AppData\Local\Android\Sdk\build-tools;C:\Program Files\Git\cmd;C:\src\flutter\bin;C:\Users\hjuno\AppData\Local\Android\Sdk\tools\bin;C:\Program Files\MongoDB\Server\4.2\bin\mongod.exe;C:\Users\hjuno\AppData\Local\Programs\Python\Python38-32\Scripts\;C:\Users\hjuno\AppData\Local\Programs\Python\Python38-32\;C:\Users\hjuno\Anaconda3;C:\Users\hjuno\Anaconda3\Library\mingw-w64\bin;C:\Users\hjuno\Anaconda3\Library\usr\bin;C:\Users\hjuno\Anaconda3\Library\bin;C:\Users\hjuno\Anaconda3\Scripts;C:\Users\hjuno\AppData\Local\Microsoft\WindowsApps;C:\Program Files\nodejs;C:\Users\hjuno\AppData\Roaming\npm;C:\Users\hjuno\AppData\Local\Android\Sdk\platform-tools;C:\Users\hjuno\AppData\Local\Android\Sdk\tools;C:\Program Files\Java\jdk-12.0.2;JAVA_HOME=C:\Program Files\Java\jdk-12.0.2;C:\Users\hjuno\AppData\Local\Android\Sdk\build-tools;C:\Users\hjuno\AppData\Local\Programs\Microsoft VS Code\bin;C:\Users\hjuno\AppData\Local\GitHubDesktop\bin;C:\Program Files\JetBrains\PyCharm 2019.2.4\bin;;C:\Program Files\JetBrains\IntelliJ IDEA 2019.2.4\bin;;C:\Users\hjuno\AppData\Local\Microsoft\WindowsApps;C:\src\flutter\bin;C:\Users\hjuno\AppData\Local\Android\Sdk;C:\Program Files\MongoDB\Server\4.2\bin\mongod.exe;

Yarn version: 
  1.17.3

Node version: 
  10.16.3

Platform: 
  win32 x64

Trace: 
  Error: canceled
      at Interface.<anonymous> (C:\Users\hjuno\AppData\Roaming\npm\node_modules\yarn\lib\cli.js:136724:13)
      at Interface.emit (events.js:198:13)
      at Interface._ttyWrite (readline.js:801:16)
      at ReadStream.onkeypress (readline.js:184:10)
      at ReadStream.emit (events.js:198:13)
      at emitKeys (internal/readline.js:424:14)
      at emitKeys.next (<anonymous>)
      at ReadStream.onData (readline.js:1075:36)
      at ReadStream.emit (events.js:198:13)
      at addChunk (_stream_readable.js:288:12)

npm manifest: 
  No manifest

yarn manifest: 
  No manifest

Lockfile: 
  No lockfile
